<?xml version="1.0" encoding="UTF-8" ?>
<testsuite errors="0" failures="0" hostname="LM-LHR-00677099" name="dsi.TestSuite" tests="5" time="11.167" timestamp="2013-06-15T22:43:00">
  <properties>
[...]
</properties>
  <testcase classname="dsi.DiskSpaceInformerTest" name="testCheckSpaceButtonWindow" time="9.222" />
  <testcase classname="dsi.DiskSpaceInformerTest" name="testCheckTreeFolderWithOneMbFile" time="1.903" />
  <testcase classname="dsi.FileSystemTreeModelTest" name="testGetRoot" time="0.0020" />
  <testcase classname="dsi.HumanReadableFileSizeTest" name="testUnderOneKBShouldReadInBytes" time="0.0010" />
  <testcase classname="dsi.HumanReadableFileSizeTest" name="humanReadableSizeSortShouldReturnLargestSizeFirst" time="0.0010" />
  <system-out><![CDATA[Starting Application from: /Users/snasrallah/IdeaProjects/DiskSpaceInformer
Starting Application from: /Users/snasrallah/IdeaProjects/DiskSpaceInformer
]]></system-out>
  <system-err><![CDATA[Jun 15, 2013 11:43:07 PM dsi.DiskSpaceInformer <init>
INFO: path Ignored: /proc
path Ignored: /dev
path Ignored: /media


Jun 15, 2013 11:43:09 PM dsi.DiskSpaceInformer <init>
INFO: path Ignored: /proc
path Ignored: /dev
path Ignored: /media


Jun 15, 2013 11:43:10 PM dsi.FindFileAndFolderSizes doInBackground
INFO: The scan for [/var/folders/qk/ct_9nvms305fbytm7jd2t83c3911xp/T/junit3075158466223946225/f1] took 62 milliseconds
]]></system-err>
</testsuite>
