<?xml version="1.0" encoding="UTF-8" ?>
<testsuite errors="0" failures="0" hostname="localhost" name="dsi.TestSuite" tests="9" time="2.239" timestamp="2013-12-03T10:36:15">
  <properties>
[...]
</properties>
  <testcase classname="dsi.DiskSpaceInformerTest" name="testCheckSpaceButtonWindow" time="1.098" />
  <testcase classname="dsi.DiskSpaceInformerTest" name="testCheckTreeFolderWithOneMbFile" time="0.965" />
  <testcase classname="dsi.FileSystemTreeModelTest" name="testGetRoot" time="0.002" />
  <testcase classname="dsi.FileSystemVisitorTest" name="testVisitorWalkTreeIgnoresAPathFromConfig" time="0.041" />
  <testcase classname="dsi.FileSystemVisitorTest" name="testAFileExists" time="0.029" />
  <testcase classname="dsi.FileSystemVisitorTest" name="testShouldShowDepthLevelOfOne" time="0.03" />
  <testcase classname="dsi.FileSystemVisitorTest" name="testVisitorWalkTree" time="0.034" />
  <testcase classname="dsi.HumanReadableFileSizeTest" name="humanReadableSizeSortShouldReturnLargestSizeFirst" time="0.002" />
  <testcase classname="dsi.HumanReadableFileSizeTest" name="testUnderOneKBShouldReadInBytes" time="0.001" />
  <system-out><![CDATA[Starting Application from: /Users/snasrallah/IdeaProjects/DiskSpaceInformer
Starting Application from: /Users/snasrallah/IdeaProjects/DiskSpaceInformer
]]></system-out>
  <system-err><![CDATA[Dec 03, 2013 10:36:16 AM dsi.DiskSpaceInformer <init>
INFO: 

Dec 03, 2013 10:36:16 AM dsi.DiskSpaceInformer <init>
INFO: 

Dec 03, 2013 10:36:17 AM dsi.FindFileAndFolderSizes doInBackground
INFO: The scan for [/var/folders/qk/ct_9nvms305fbytm7jd2t83c3911xp/T/junit5045445211476465914/f1] took 9 milliseconds
]]></system-err>
</testsuite>
